<?xml version="1.0" encoding="UTF-8"?>
<Site BuildName="Win32-MSBuild"
	BuildStamp="20240208-1641-Experimental"
	Name="LAPTOP-T2GKIB4M"
	Generator="ctest-3.28.1"
	CompilerName="C:/Program Files (x86)/Microsoft Visual Studio/2022/BuildTools/VC/Tools/MSVC/14.38.33130/bin/Hostx86/x86/cl.exe"
	CompilerVersion="19.38.33134.0"
	OSName="Windows"
	Hostname="LAPTOP-T2GKIB4M"
	OSRelease=" Personal"
	OSVersion=" (Build 19045)"
	OSPlatform="AMD64"
	Is64Bits="1"
	VendorString="GenuineIntel"
	VendorID="Intel Corporation"
	FamilyID="6"
	ModelID="14"
	ProcessorCacheSize="-1"
	NumberOfLogicalCPU="12"
	NumberOfPhysicalCPU="6"
	TotalVirtualMemory="27015"
	TotalPhysicalMemory="16263"
	LogicalProcessorsPerPhysical="2"
	ProcessorClockFrequency="2592"
	>
	<Testing>
		<StartDateTime>Feb 08 16:33 Central Standard Time</StartDateTime>
		<StartTestTime>1707431619</StartTestTime>
		<TestList/>
		<EndDateTime>Feb 08 16:33 Central Standard Time</EndDateTime>
		<EndTestTime>1707431619</EndTestTime>
		<ElapsedMinutes>0</ElapsedMinutes>
	</Testing>
</Site>
